<?xml version="1.0" encoding="UTF-8"?>
<!-- Generated by org.testng.reporters.JUnitReportReporter -->
<testsuite name="com.bank.Utilities.Create_TestNGXML" tests="1" time="115.118" ignored="0" failures="0" timestamp="02 Jul 2019 08:21:50 GMT" skipped="0" hostname="SIPL-SU142" errors="0">
  <testcase name="createXMLfile" time="115.118" classname="com.bank.Utilities.Create_TestNGXML"/>
</testsuite> <!-- com.bank.Utilities.Create_TestNGXML -->
