<?xml version="1.0" encoding="UTF-8"?>
<!-- Generated by org.testng.reporters.JUnitReportReporter -->
<testsuite name="com.tecprotec.Tests.EditUserTest" tests="1" time="25.880" ignored="0" failures="0" timestamp="30 Jul 2019 10:28:49 GMT" skipped="0" hostname="SIPL-SU142" errors="0">
  <testcase name="editUserTest" time="25.880" classname="com.tecprotec.Tests.EditUserTest"/>
</testsuite> <!-- com.tecprotec.Tests.EditUserTest -->
