<?xml version="1.0" encoding="UTF-8"?>
<!-- Generated by org.testng.reporters.JUnitReportReporter -->
<testsuite name="com.bank.Tests.CreateCustAccTest" tests="1" time="103.747" ignored="0" failures="0" timestamp="02 Jul 2019 08:21:50 GMT" skipped="0" hostname="SIPL-SU142" errors="0">
  <testcase name="createCustAccount" time="103.747" classname="com.bank.Tests.CreateCustAccTest"/>
</testsuite> <!-- com.bank.Tests.CreateCustAccTest -->
