<?xml version="1.0" encoding="UTF-8"?>
<!-- Generated by org.testng.reporters.JUnitReportReporter -->
<testsuite name="com.flexcube.Tests.VerifyKYCTest" tests="1" time="41.942" ignored="0" failures="0" timestamp="20 Jun 2019 06:33:26 GMT" skipped="0" hostname="SIPL-SU142" errors="0">
  <testcase name="verifyKYCTest" time="41.942" classname="com.flexcube.Tests.VerifyKYCTest"/>
</testsuite> <!-- com.flexcube.Tests.VerifyKYCTest -->
