<?xml version="1.0" encoding="UTF-8"?>
<!-- Generated by org.testng.reporters.JUnitReportReporter -->
<testsuite name="com.flexcube.Utilities.Create_TestNGXML" tests="1" time="76.062" ignored="0" failures="0" timestamp="21 Jun 2019 06:26:53 GMT" skipped="0" hostname="SIPL-SU142" errors="0">
  <testcase name="createXMLfile" time="76.062" classname="com.flexcube.Utilities.Create_TestNGXML"/>
</testsuite> <!-- com.flexcube.Utilities.Create_TestNGXML -->
