<?xml version="1.0" encoding="UTF-8"?>
<!-- Generated by org.testng.reporters.JUnitReportReporter -->
<testsuite name="com.tecprotec.Tests.DashboardTest" tests="1" time="20.077" ignored="0" failures="0" timestamp="30 Jul 2019 10:29:10 GMT" skipped="0" hostname="SIPL-SU142" errors="0">
  <testcase name="viewDashboard" time="20.077" classname="com.tecprotec.Tests.DashboardTest"/>
</testsuite> <!-- com.tecprotec.Tests.DashboardTest -->
