<?xml version="1.0" encoding="UTF-8"?>
<!-- Generated by org.testng.reporters.JUnitReportReporter -->
<testsuite name="com.bank.Tests.GetCibilScoreTest" tests="1" time="66.399" ignored="0" failures="0" timestamp="01 Jul 2019 09:36:01 GMT" skipped="0" hostname="SIPL-SU142" errors="0">
  <testcase name="tc_GetCibilScore" time="66.399" classname="com.bank.Tests.GetCibilScoreTest"/>
</testsuite> <!-- com.bank.Tests.GetCibilScoreTest -->
