<?xml version="1.0" encoding="UTF-8"?>
<!-- Generated by org.testng.reporters.JUnitReportReporter -->
<testsuite name="com.flexcube.Tests.CreateCustAccTest" tests="1" time="70.285" ignored="0" failures="0" timestamp="21 Jun 2019 06:26:52 GMT" skipped="0" hostname="SIPL-SU142" errors="0">
  <testcase name="createCustAccount" time="70.285" classname="com.flexcube.Tests.CreateCustAccTest"/>
</testsuite> <!-- com.flexcube.Tests.CreateCustAccTest -->
