<?xml version="1.0" encoding="UTF-8"?>
<!-- Generated by org.testng.reporters.JUnitReportReporter -->
<testsuite name="com.tecprotec.Tests.LoginTest" tests="1" time="23.277" ignored="0" failures="0" timestamp="30 Jul 2019 10:28:23 GMT" skipped="0" hostname="SIPL-SU142" errors="0">
  <testcase name="loginTests" time="23.277" classname="com.tecprotec.Tests.LoginTest"/>
</testsuite> <!-- com.tecprotec.Tests.LoginTest -->
