<?xml version="1.0" encoding="UTF-8"?>
<!-- Generated by org.testng.reporters.JUnitReportReporter -->
<testsuite name="com.flexcube.Tests.LoginTest" tests="1" time="21.172" ignored="0" failures="0" timestamp="17 Jun 2019 09:07:58 GMT" skipped="0" hostname="SIPL-SU142" errors="0">
  <testcase name="loginTests" time="21.172" classname="com.flexcube.Tests.LoginTest"/>
</testsuite> <!-- com.flexcube.Tests.LoginTest -->
