<?xml version="1.0" encoding="UTF-8"?>
<!-- Generated by org.testng.reporters.JUnitReportReporter -->
<testsuite name="com.tecprotec.Tests.CustomerTest" tests="1" time="27.737" ignored="0" failures="0" timestamp="30 Jul 2019 10:30:00 GMT" skipped="0" hostname="SIPL-SU142" errors="0">
  <testcase name="editUserTest" time="27.737" classname="com.tecprotec.Tests.CustomerTest"/>
</testsuite> <!-- com.tecprotec.Tests.CustomerTest -->
