<?xml version="1.0" encoding="UTF-8"?>
<!-- Generated by org.testng.reporters.JUnitReportReporter -->
<testsuite name="com.tecprotec.Tests.FilterCustomerTest" tests="1" time="20.861" ignored="0" failures="0" timestamp="30 Jul 2019 10:30:22 GMT" skipped="0" hostname="SIPL-SU142" errors="0">
  <testcase name="filterCust" time="20.861" classname="com.tecprotec.Tests.FilterCustomerTest"/>
</testsuite> <!-- com.tecprotec.Tests.FilterCustomerTest -->
