<?xml version="1.0" encoding="UTF-8"?>
<!-- Generated by org.testng.reporters.JUnitReportReporter -->
<testsuite name="com.tecprotec.Tests.SelectProductTest" tests="1" time="20.626" ignored="0" failures="0" timestamp="30 Jul 2019 10:29:31 GMT" skipped="0" hostname="SIPL-SU142" errors="0">
  <testcase name="selectProduct" time="20.626" classname="com.tecprotec.Tests.SelectProductTest"/>
</testsuite> <!-- com.tecprotec.Tests.SelectProductTest -->
