<?xml version="1.0" encoding="UTF-8"?>
<!-- Generated by org.testng.reporters.JUnitReportReporter -->
<testsuite name="com.tecprotec.Utilities.Create_TestNGXML" tests="1" time="147.099" ignored="0" failures="0" timestamp="30 Jul 2019 10:30:22 GMT" skipped="0" hostname="SIPL-SU142" errors="0">
  <testcase name="createXMLfile" time="147.099" classname="com.tecprotec.Utilities.Create_TestNGXML"/>
</testsuite> <!-- com.tecprotec.Utilities.Create_TestNGXML -->
